Arguments: 
  C:\Program Files\node.exe C:\Users\rishi\AppData\Roaming\npm\node_modules\yarn\bin\yarn.js install --force

PATH: 
  C:\WINDOWS\system32;C:\WINDOWS;C:\WINDOWS\System32\Wbem;C:\WINDOWS\System32\WindowsPowerShell\v1.0\;C:\WINDOWS\System32\OpenSSH\;C:\Program Files\;C:\Program Files\Git\cmd;C:\Users\rishi\AppData\Local\Microsoft\WindowsApps;C:\Users\rishi\AppData\Local\Programs\Microsoft VS Code\bin;C:\Users\rishi\AppData\Roaming\npm;C:\Users\rishi\AppData\Local\GitHubDesktop\bin

Yarn version: 
  1.22.19

Node version: 
  18.16.1

Platform: 
  win32 x64

Trace: 
  Error: EPERM: operation not permitted, unlink 'C:\vs code\social-media-app\server\node_modules\bcrypt\lib\binding\napi-v3\bcrypt_lib.node'

npm manifest: 
  {
  
    
    "name": "server",
    "version": "1.0.0",
    "description": "",
    "main": "index.js",
    "scripts": {
      "test": "echo \"Error: no test specified\" && exit 1",
      "dev": "node index.js",
      "build": "webpack"
    },
  
    "keywords": [],
    "author": "",
    "license": "ISC",
    "dependencies": {
      "bcrypt": "^5.1.1",
      "cloudinary": "^1.40.0",
      "cookie-parser": "^1.4.6",
      "cors": "^2.8.5",
      "dotenv": "^16.3.1",
      "express": "^4.18.2",
      "jsonwebtoken": "^9.0.1",
      "mongoose": "^7.4.5",
      "morgan": "^1.10.0",
      "time-ago": "^0.2.1"
    },
    "devDependencies": {
      "webpack-cli": "^5.1.4"
    }
  }

yarn manifest: 
  No manifest

Lockfile: 
  No lockfile
